{"H:\\Bookworm\\src\\services\\BookService.js": {"path":"H:\\Bookworm\\src\\services\\BookService.js","statementMap":{"0":{"start":{"line":1,"column":23},"end":{"line":1,"column":51}},"1":{"start":{"line":2,"column":45},"end":{"line":2,"column":69}},"2":{"start":{"line":4,"column":26},"end":{"line":4,"column":56}},"3":{"start":{"line":5,"column":22},"end":{"line":5,"column":50}},"4":{"start":{"line":9,"column":8},"end":{"line":9,"column":16}},"5":{"start":{"line":10,"column":8},"end":{"line":10,"column":27}},"6":{"start":{"line":14,"column":8},"end":{"line":14,"column":38}},"7":{"start":{"line":18,"column":8},"end":{"line":32,"column":9}},"8":{"start":{"line":19,"column":30},"end":{"line":21,"column":13}},"9":{"start":{"line":22,"column":36},"end":{"line":22,"column":40}},"10":{"start":{"line":23,"column":26},"end":{"line":28,"column":13}},"11":{"start":{"line":29,"column":12},"end":{"line":29,"column":25}},"12":{"start":{"line":31,"column":12},"end":{"line":31,"column":35}},"13":{"start":{"line":36,"column":8},"end":{"line":41,"column":9}},"14":{"start":{"line":37,"column":27},"end":{"line":37,"column":31}},"15":{"start":{"line":38,"column":12},"end":{"line":38,"column":61}},"16":{"start":{"line":40,"column":12},"end":{"line":40,"column":35}},"17":{"start":{"line":45,"column":8},"end":{"line":53,"column":9}},"18":{"start":{"line":46,"column":30},"end":{"line":48,"column":13}},"19":{"start":{"line":49,"column":26},"end":{"line":49,"column":73}},"20":{"start":{"line":50,"column":12},"end":{"line":50,"column":29}},"21":{"start":{"line":52,"column":12},"end":{"line":52,"column":35}},"22":{"start":{"line":57,"column":8},"end":{"line":74,"column":9}},"23":{"start":{"line":58,"column":30},"end":{"line":58,"column":34}},"24":{"start":{"line":59,"column":26},"end":{"line":59,"column":64}},"25":{"start":{"line":60,"column":31},"end":{"line":60,"column":64}},"26":{"start":{"line":61,"column":23},"end":{"line":61,"column":24}},"27":{"start":{"line":62,"column":12},"end":{"line":64,"column":13}},"28":{"start":{"line":63,"column":16},"end":{"line":63,"column":34}},"29":{"start":{"line":66,"column":12},"end":{"line":71,"column":14}},"30":{"start":{"line":73,"column":12},"end":{"line":73,"column":35}},"31":{"start":{"line":78,"column":8},"end":{"line":88,"column":9}},"32":{"start":{"line":79,"column":30},"end":{"line":79,"column":34}},"33":{"start":{"line":80,"column":12},"end":{"line":85,"column":14}},"34":{"start":{"line":87,"column":12},"end":{"line":87,"column":35}},"35":{"start":{"line":92,"column":8},"end":{"line":109,"column":9}},"36":{"start":{"line":93,"column":25},"end":{"line":93,"column":79}},"37":{"start":{"line":95,"column":12},"end":{"line":99,"column":13}},"38":{"start":{"line":96,"column":16},"end":{"line":98,"column":22}},"39":{"start":{"line":101,"column":28},"end":{"line":104,"column":14}},"40":{"start":{"line":105,"column":12},"end":{"line":105,"column":72}},"41":{"start":{"line":106,"column":12},"end":{"line":106,"column":27}},"42":{"start":{"line":108,"column":12},"end":{"line":108,"column":35}},"43":{"start":{"line":113,"column":8},"end":{"line":137,"column":9}},"44":{"start":{"line":114,"column":27},"end":{"line":114,"column":31}},"45":{"start":{"line":115,"column":12},"end":{"line":115,"column":27}},"46":{"start":{"line":117,"column":25},"end":{"line":117,"column":79}},"47":{"start":{"line":119,"column":12},"end":{"line":134,"column":13}},"48":{"start":{"line":120,"column":16},"end":{"line":124,"column":17}},"49":{"start":{"line":121,"column":20},"end":{"line":123,"column":26}},"50":{"start":{"line":125,"column":32},"end":{"line":125,"column":78}},"51":{"start":{"line":126,"column":16},"end":{"line":128,"column":17}},"52":{"start":{"line":127,"column":20},"end":{"line":127,"column":66}},"53":{"start":{"line":129,"column":16},"end":{"line":129,"column":31}},"54":{"start":{"line":131,"column":16},"end":{"line":133,"column":18}},"55":{"start":{"line":136,"column":12},"end":{"line":136,"column":35}},"56":{"start":{"line":141,"column":8},"end":{"line":155,"column":9}},"57":{"start":{"line":142,"column":27},"end":{"line":142,"column":31}},"58":{"start":{"line":144,"column":25},"end":{"line":144,"column":79}},"59":{"start":{"line":146,"column":12},"end":{"line":152,"column":13}},"60":{"start":{"line":147,"column":16},"end":{"line":147,"column":64}},"61":{"start":{"line":149,"column":16},"end":{"line":151,"column":18}},"62":{"start":{"line":154,"column":12},"end":{"line":154,"column":35}},"63":{"start":{"line":159,"column":26},"end":{"line":163,"column":9}},"64":{"start":{"line":164,"column":8},"end":{"line":164,"column":60}},"65":{"start":{"line":168,"column":34},"end":{"line":168,"column":42}},"66":{"start":{"line":170,"column":8},"end":{"line":170,"column":22}},"67":{"start":{"line":171,"column":8},"end":{"line":174,"column":9}},"68":{"start":{"line":172,"column":26},"end":{"line":172,"column":65}},"69":{"start":{"line":173,"column":12},"end":{"line":173,"column":44}},"70":{"start":{"line":176,"column":24},"end":{"line":176,"column":26}},"71":{"start":{"line":177,"column":8},"end":{"line":179,"column":9}},"72":{"start":{"line":178,"column":12},"end":{"line":178,"column":42}},"73":{"start":{"line":180,"column":8},"end":{"line":180,"column":25}},"74":{"start":{"line":184,"column":0},"end":{"line":184,"column":29}}},"fnMap":{"0":{"name":"(anonymous_0)","decl":{"start":{"line":8,"column":4},"end":{"line":8,"column":5}},"loc":{"start":{"line":8,"column":27},"end":{"line":11,"column":5}},"line":8},"1":{"name":"(anonymous_1)","decl":{"start":{"line":13,"column":4},"end":{"line":13,"column":5}},"loc":{"start":{"line":13,"column":23},"end":{"line":15,"column":5}},"line":13},"2":{"name":"(anonymous_2)","decl":{"start":{"line":17,"column":4},"end":{"line":17,"column":5}},"loc":{"start":{"line":17,"column":47},"end":{"line":33,"column":5}},"line":17},"3":{"name":"(anonymous_3)","decl":{"start":{"line":35,"column":4},"end":{"line":35,"column":5}},"loc":{"start":{"line":35,"column":29},"end":{"line":42,"column":5}},"line":35},"4":{"name":"(anonymous_4)","decl":{"start":{"line":44,"column":4},"end":{"line":44,"column":5}},"loc":{"start":{"line":44,"column":38},"end":{"line":54,"column":5}},"line":44},"5":{"name":"(anonymous_5)","decl":{"start":{"line":56,"column":4},"end":{"line":56,"column":5}},"loc":{"start":{"line":56,"column":31},"end":{"line":75,"column":5}},"line":56},"6":{"name":"(anonymous_6)","decl":{"start":{"line":77,"column":4},"end":{"line":77,"column":5}},"loc":{"start":{"line":77,"column":35},"end":{"line":89,"column":5}},"line":77},"7":{"name":"(anonymous_7)","decl":{"start":{"line":91,"column":4},"end":{"line":91,"column":5}},"loc":{"start":{"line":91,"column":24},"end":{"line":110,"column":5}},"line":91},"8":{"name":"(anonymous_8)","decl":{"start":{"line":112,"column":4},"end":{"line":112,"column":5}},"loc":{"start":{"line":112,"column":27},"end":{"line":138,"column":5}},"line":112},"9":{"name":"(anonymous_9)","decl":{"start":{"line":140,"column":4},"end":{"line":140,"column":5}},"loc":{"start":{"line":140,"column":27},"end":{"line":156,"column":5}},"line":140},"10":{"name":"(anonymous_10)","decl":{"start":{"line":158,"column":4},"end":{"line":158,"column":5}},"loc":{"start":{"line":158,"column":32},"end":{"line":165,"column":5}},"line":158},"11":{"name":"(anonymous_11)","decl":{"start":{"line":167,"column":4},"end":{"line":167,"column":5}},"loc":{"start":{"line":167,"column":45},"end":{"line":181,"column":5}},"line":167}},"branchMap":{"0":{"loc":{"start":{"line":62,"column":12},"end":{"line":64,"column":13}},"type":"if","locations":[{"start":{"line":62,"column":12},"end":{"line":64,"column":13}},{"start":{"line":62,"column":12},"end":{"line":64,"column":13}}],"line":62},"1":{"loc":{"start":{"line":95,"column":12},"end":{"line":99,"column":13}},"type":"if","locations":[{"start":{"line":95,"column":12},"end":{"line":99,"column":13}},{"start":{"line":95,"column":12},"end":{"line":99,"column":13}}],"line":95},"2":{"loc":{"start":{"line":95,"column":16},"end":{"line":95,"column":47}},"type":"binary-expr","locations":[{"start":{"line":95,"column":16},"end":{"line":95,"column":26}},{"start":{"line":95,"column":30},"end":{"line":95,"column":47}}],"line":95},"3":{"loc":{"start":{"line":119,"column":12},"end":{"line":134,"column":13}},"type":"if","locations":[{"start":{"line":119,"column":12},"end":{"line":134,"column":13}},{"start":{"line":119,"column":12},"end":{"line":134,"column":13}}],"line":119},"4":{"loc":{"start":{"line":120,"column":16},"end":{"line":124,"column":17}},"type":"if","locations":[{"start":{"line":120,"column":16},"end":{"line":124,"column":17}},{"start":{"line":120,"column":16},"end":{"line":124,"column":17}}],"line":120},"5":{"loc":{"start":{"line":120,"column":20},"end":{"line":120,"column":51}},"type":"binary-expr","locations":[{"start":{"line":120,"column":20},"end":{"line":120,"column":30}},{"start":{"line":120,"column":34},"end":{"line":120,"column":51}}],"line":120},"6":{"loc":{"start":{"line":126,"column":16},"end":{"line":128,"column":17}},"type":"if","locations":[{"start":{"line":126,"column":16},"end":{"line":128,"column":17}},{"start":{"line":126,"column":16},"end":{"line":128,"column":17}}],"line":126},"7":{"loc":{"start":{"line":146,"column":12},"end":{"line":152,"column":13}},"type":"if","locations":[{"start":{"line":146,"column":12},"end":{"line":152,"column":13}},{"start":{"line":146,"column":12},"end":{"line":152,"column":13}}],"line":146},"8":{"loc":{"start":{"line":171,"column":8},"end":{"line":174,"column":9}},"type":"if","locations":[{"start":{"line":171,"column":8},"end":{"line":174,"column":9}},{"start":{"line":171,"column":8},"end":{"line":174,"column":9}}],"line":171},"9":{"loc":{"start":{"line":177,"column":8},"end":{"line":179,"column":9}},"type":"if","locations":[{"start":{"line":177,"column":8},"end":{"line":179,"column":9}},{"start":{"line":177,"column":8},"end":{"line":179,"column":9}}],"line":177}},"s":{"0":1,"1":1,"2":1,"3":1,"4":22,"5":22,"6":22,"7":2,"8":2,"9":2,"10":2,"11":2,"12":0,"13":1,"14":1,"15":1,"16":0,"17":1,"18":1,"19":1,"20":1,"21":0,"22":1,"23":1,"24":1,"25":1,"26":1,"27":1,"28":0,"29":1,"30":0,"31":1,"32":1,"33":1,"34":0,"35":4,"36":4,"37":2,"38":2,"39":2,"40":2,"41":2,"42":2,"43":6,"44":6,"45":6,"46":6,"47":4,"48":3,"49":3,"50":3,"51":3,"52":1,"53":2,"54":1,"55":4,"56":5,"57":5,"58":5,"59":3,"60":2,"61":1,"62":3,"63":1,"64":1,"65":3,"66":3,"67":3,"68":3,"69":3,"70":3,"71":3,"72":3,"73":3,"74":1},"f":{"0":22,"1":22,"2":2,"3":1,"4":1,"5":1,"6":1,"7":4,"8":6,"9":5,"10":1,"11":3},"b":{"0":[0,1],"1":[2,0],"2":[2,2],"3":[3,1],"4":[3,0],"5":[3,3],"6":[1,2],"7":[2,1],"8":[3,0],"9":[3,0]},"_coverageSchema":"1a1c01bbd47fc00a2c39e90264f33305004495a9","hash":"d985c286fff2d3b475bfc4b461694a5a02e54fa9"}
,"H:\\Bookworm\\src\\services\\OrderService.js": {"path":"H:\\Bookworm\\src\\services\\OrderService.js","statementMap":{"0":{"start":{"line":1,"column":23},"end":{"line":1,"column":51}},"1":{"start":{"line":2,"column":24},"end":{"line":2,"column":48}},"2":{"start":{"line":3,"column":15},"end":{"line":3,"column":34}},"3":{"start":{"line":5,"column":22},"end":{"line":5,"column":50}},"4":{"start":{"line":9,"column":8},"end":{"line":9,"column":16}},"5":{"start":{"line":10,"column":8},"end":{"line":10,"column":27}},"6":{"start":{"line":14,"column":8},"end":{"line":14,"column":38}},"7":{"start":{"line":18,"column":8},"end":{"line":46,"column":9}},"8":{"start":{"line":19,"column":25},"end":{"line":19,"column":79}},"9":{"start":{"line":21,"column":31},"end":{"line":21,"column":35}},"10":{"start":{"line":22,"column":33},"end":{"line":24,"column":14}},"11":{"start":{"line":25,"column":12},"end":{"line":27,"column":13}},"12":{"start":{"line":26,"column":16},"end":{"line":26,"column":61}},"13":{"start":{"line":29,"column":30},"end":{"line":29,"column":34}},"14":{"start":{"line":30,"column":26},"end":{"line":32,"column":13}},"15":{"start":{"line":31,"column":26},"end":{"line":31,"column":57}},"16":{"start":{"line":33,"column":12},"end":{"line":39,"column":13}},"17":{"start":{"line":34,"column":16},"end":{"line":34,"column":60}},"18":{"start":{"line":35,"column":16},"end":{"line":35,"column":44}},"19":{"start":{"line":37,"column":16},"end":{"line":37,"column":44}},"20":{"start":{"line":38,"column":16},"end":{"line":38,"column":47}},"21":{"start":{"line":41,"column":12},"end":{"line":41,"column":43}},"22":{"start":{"line":43,"column":12},"end":{"line":43,"column":31}},"23":{"start":{"line":45,"column":12},"end":{"line":45,"column":35}},"24":{"start":{"line":50,"column":8},"end":{"line":79,"column":9}},"25":{"start":{"line":51,"column":25},"end":{"line":51,"column":79}},"26":{"start":{"line":53,"column":31},"end":{"line":53,"column":35}},"27":{"start":{"line":54,"column":33},"end":{"line":56,"column":14}},"28":{"start":{"line":57,"column":12},"end":{"line":59,"column":13}},"29":{"start":{"line":58,"column":16},"end":{"line":58,"column":61}},"30":{"start":{"line":62,"column":26},"end":{"line":64,"column":13}},"31":{"start":{"line":63,"column":26},"end":{"line":63,"column":57}},"32":{"start":{"line":65,"column":12},"end":{"line":74,"column":13}},"33":{"start":{"line":66,"column":16},"end":{"line":66,"column":61}},"34":{"start":{"line":68,"column":16},"end":{"line":68,"column":44}},"35":{"start":{"line":69,"column":16},"end":{"line":69,"column":47}},"36":{"start":{"line":70,"column":16},"end":{"line":72,"column":17}},"37":{"start":{"line":71,"column":20},"end":{"line":71,"column":47}},"38":{"start":{"line":73,"column":16},"end":{"line":73,"column":47}},"39":{"start":{"line":76,"column":12},"end":{"line":76,"column":31}},"40":{"start":{"line":78,"column":12},"end":{"line":78,"column":35}},"41":{"start":{"line":83,"column":8},"end":{"line":105,"column":9}},"42":{"start":{"line":84,"column":33},"end":{"line":84,"column":37}},"43":{"start":{"line":86,"column":25},"end":{"line":86,"column":79}},"44":{"start":{"line":87,"column":12},"end":{"line":87,"column":66}},"45":{"start":{"line":89,"column":36},"end":{"line":92,"column":13}},"46":{"start":{"line":94,"column":12},"end":{"line":96,"column":13}},"47":{"start":{"line":95,"column":16},"end":{"line":95,"column":60}},"48":{"start":{"line":98,"column":29},"end":{"line":98,"column":68}},"49":{"start":{"line":99,"column":12},"end":{"line":99,"column":43}},"50":{"start":{"line":100,"column":12},"end":{"line":100,"column":27}},"51":{"start":{"line":101,"column":12},"end":{"line":101,"column":43}},"52":{"start":{"line":102,"column":12},"end":{"line":102,"column":33}},"53":{"start":{"line":104,"column":12},"end":{"line":104,"column":35}},"54":{"start":{"line":109,"column":26},"end":{"line":113,"column":9}},"55":{"start":{"line":114,"column":8},"end":{"line":114,"column":80}},"56":{"start":{"line":118,"column":8},"end":{"line":136,"column":9}},"57":{"start":{"line":119,"column":31},"end":{"line":119,"column":33}},"58":{"start":{"line":120,"column":12},"end":{"line":132,"column":15}},"59":{"start":{"line":121,"column":34},"end":{"line":121,"column":67}},"60":{"start":{"line":122,"column":30},"end":{"line":122,"column":59}},"61":{"start":{"line":123,"column":34},"end":{"line":125,"column":27}},"62":{"start":{"line":126,"column":34},"end":{"line":130,"column":17}},"63":{"start":{"line":131,"column":16},"end":{"line":131,"column":43}},"64":{"start":{"line":133,"column":12},"end":{"line":133,"column":65}},"65":{"start":{"line":135,"column":12},"end":{"line":135,"column":35}},"66":{"start":{"line":140,"column":0},"end":{"line":140,"column":30}}},"fnMap":{"0":{"name":"(anonymous_0)","decl":{"start":{"line":8,"column":4},"end":{"line":8,"column":5}},"loc":{"start":{"line":8,"column":27},"end":{"line":11,"column":5}},"line":8},"1":{"name":"(anonymous_1)","decl":{"start":{"line":13,"column":4},"end":{"line":13,"column":5}},"loc":{"start":{"line":13,"column":23},"end":{"line":15,"column":5}},"line":13},"2":{"name":"(anonymous_2)","decl":{"start":{"line":17,"column":4},"end":{"line":17,"column":5}},"loc":{"start":{"line":17,"column":26},"end":{"line":47,"column":5}},"line":17},"3":{"name":"(anonymous_3)","decl":{"start":{"line":31,"column":16},"end":{"line":31,"column":17}},"loc":{"start":{"line":31,"column":26},"end":{"line":31,"column":57}},"line":31},"4":{"name":"(anonymous_4)","decl":{"start":{"line":49,"column":4},"end":{"line":49,"column":5}},"loc":{"start":{"line":49,"column":31},"end":{"line":80,"column":5}},"line":49},"5":{"name":"(anonymous_5)","decl":{"start":{"line":63,"column":16},"end":{"line":63,"column":17}},"loc":{"start":{"line":63,"column":26},"end":{"line":63,"column":57}},"line":63},"6":{"name":"(anonymous_6)","decl":{"start":{"line":82,"column":4},"end":{"line":82,"column":5}},"loc":{"start":{"line":82,"column":25},"end":{"line":106,"column":5}},"line":82},"7":{"name":"(anonymous_7)","decl":{"start":{"line":108,"column":4},"end":{"line":108,"column":5}},"loc":{"start":{"line":108,"column":33},"end":{"line":115,"column":5}},"line":108},"8":{"name":"(anonymous_8)","decl":{"start":{"line":117,"column":4},"end":{"line":117,"column":5}},"loc":{"start":{"line":117,"column":34},"end":{"line":137,"column":5}},"line":117},"9":{"name":"(anonymous_9)","decl":{"start":{"line":120,"column":25},"end":{"line":120,"column":26}},"loc":{"start":{"line":120,"column":35},"end":{"line":132,"column":13}},"line":120}},"branchMap":{"0":{"loc":{"start":{"line":25,"column":12},"end":{"line":27,"column":13}},"type":"if","locations":[{"start":{"line":25,"column":12},"end":{"line":27,"column":13}},{"start":{"line":25,"column":12},"end":{"line":27,"column":13}}],"line":25},"1":{"loc":{"start":{"line":33,"column":12},"end":{"line":39,"column":13}},"type":"if","locations":[{"start":{"line":33,"column":12},"end":{"line":39,"column":13}},{"start":{"line":33,"column":12},"end":{"line":39,"column":13}}],"line":33},"2":{"loc":{"start":{"line":57,"column":12},"end":{"line":59,"column":13}},"type":"if","locations":[{"start":{"line":57,"column":12},"end":{"line":59,"column":13}},{"start":{"line":57,"column":12},"end":{"line":59,"column":13}}],"line":57},"3":{"loc":{"start":{"line":65,"column":12},"end":{"line":74,"column":13}},"type":"if","locations":[{"start":{"line":65,"column":12},"end":{"line":74,"column":13}},{"start":{"line":65,"column":12},"end":{"line":74,"column":13}}],"line":65},"4":{"loc":{"start":{"line":70,"column":16},"end":{"line":72,"column":17}},"type":"if","locations":[{"start":{"line":70,"column":16},"end":{"line":72,"column":17}},{"start":{"line":70,"column":16},"end":{"line":72,"column":17}}],"line":70},"5":{"loc":{"start":{"line":94,"column":12},"end":{"line":96,"column":13}},"type":"if","locations":[{"start":{"line":94,"column":12},"end":{"line":96,"column":13}},{"start":{"line":94,"column":12},"end":{"line":96,"column":13}}],"line":94},"6":{"loc":{"start":{"line":123,"column":34},"end":{"line":125,"column":27}},"type":"cond-expr","locations":[{"start":{"line":124,"column":22},"end":{"line":124,"column":55}},{"start":{"line":125,"column":22},"end":{"line":125,"column":27}}],"line":123}},"s":{"0":1,"1":1,"2":1,"3":1,"4":15,"5":15,"6":15,"7":6,"8":6,"9":4,"10":4,"11":4,"12":1,"13":3,"14":3,"15":2,"16":3,"17":1,"18":1,"19":2,"20":2,"21":3,"22":3,"23":3,"24":6,"25":6,"26":4,"27":4,"28":4,"29":1,"30":3,"31":2,"32":3,"33":1,"34":2,"35":2,"36":2,"37":0,"38":2,"39":2,"40":4,"41":2,"42":2,"43":2,"44":2,"45":2,"46":2,"47":1,"48":1,"49":1,"50":1,"51":1,"52":1,"53":1,"54":1,"55":1,"56":1,"57":1,"58":1,"59":2,"60":2,"61":2,"62":2,"63":2,"64":1,"65":0,"66":1},"f":{"0":15,"1":15,"2":6,"3":2,"4":6,"5":2,"6":2,"7":1,"8":1,"9":2},"b":{"0":[1,3],"1":[1,2],"2":[1,3],"3":[1,2],"4":[0,2],"5":[1,1],"6":[2,0]},"_coverageSchema":"1a1c01bbd47fc00a2c39e90264f33305004495a9","hash":"77b2af7438f392232e25dd871b3beaf7c146ed28"}
,"H:\\Bookworm\\src\\services\\UserService.js": {"path":"H:\\Bookworm\\src\\services\\UserService.js","statementMap":{"0":{"start":{"line":1,"column":23},"end":{"line":1,"column":51}},"1":{"start":{"line":2,"column":48},"end":{"line":2,"column":72}},"2":{"start":{"line":3,"column":15},"end":{"line":3,"column":34}},"3":{"start":{"line":4,"column":12},"end":{"line":4,"column":35}},"4":{"start":{"line":6,"column":22},"end":{"line":6,"column":50}},"5":{"start":{"line":10,"column":8},"end":{"line":10,"column":16}},"6":{"start":{"line":11,"column":8},"end":{"line":11,"column":27}},"7":{"start":{"line":15,"column":8},"end":{"line":15,"column":38}},"8":{"start":{"line":19,"column":8},"end":{"line":24,"column":9}},"9":{"start":{"line":20,"column":27},"end":{"line":20,"column":31}},"10":{"start":{"line":21,"column":12},"end":{"line":21,"column":58}},"11":{"start":{"line":23,"column":12},"end":{"line":23,"column":35}},"12":{"start":{"line":28,"column":8},"end":{"line":32,"column":9}},"13":{"start":{"line":29,"column":12},"end":{"line":29,"column":55}},"14":{"start":{"line":31,"column":12},"end":{"line":31,"column":35}},"15":{"start":{"line":36,"column":8},"end":{"line":45,"column":9}},"16":{"start":{"line":37,"column":32},"end":{"line":37,"column":60}},"17":{"start":{"line":38,"column":12},"end":{"line":40,"column":13}},"18":{"start":{"line":39,"column":16},"end":{"line":39,"column":28}},"19":{"start":{"line":41,"column":27},"end":{"line":41,"column":38}},"20":{"start":{"line":42,"column":12},"end":{"line":42,"column":52}},"21":{"start":{"line":44,"column":12},"end":{"line":44,"column":35}},"22":{"start":{"line":49,"column":8},"end":{"line":76,"column":9}},"23":{"start":{"line":50,"column":48},"end":{"line":50,"column":66}},"24":{"start":{"line":52,"column":35},"end":{"line":54,"column":15}},"25":{"start":{"line":55,"column":12},"end":{"line":57,"column":13}},"26":{"start":{"line":56,"column":16},"end":{"line":56,"column":65}},"27":{"start":{"line":59,"column":12},"end":{"line":59,"column":55}},"28":{"start":{"line":61,"column":28},"end":{"line":65,"column":13}},"29":{"start":{"line":67,"column":26},"end":{"line":67,"column":53}},"30":{"start":{"line":68,"column":12},"end":{"line":71,"column":15}},"31":{"start":{"line":73,"column":12},"end":{"line":73,"column":27}},"32":{"start":{"line":75,"column":12},"end":{"line":75,"column":35}},"33":{"start":{"line":80,"column":8},"end":{"line":105,"column":9}},"34":{"start":{"line":81,"column":40},"end":{"line":81,"column":55}},"35":{"start":{"line":83,"column":25},"end":{"line":83,"column":69}},"36":{"start":{"line":84,"column":12},"end":{"line":86,"column":13}},"37":{"start":{"line":85,"column":16},"end":{"line":85,"column":69}},"38":{"start":{"line":88,"column":36},"end":{"line":91,"column":13}},"39":{"start":{"line":92,"column":12},"end":{"line":94,"column":13}},"40":{"start":{"line":93,"column":16},"end":{"line":93,"column":69}},"41":{"start":{"line":96,"column":26},"end":{"line":96,"column":50}},"42":{"start":{"line":97,"column":12},"end":{"line":100,"column":15}},"43":{"start":{"line":102,"column":12},"end":{"line":102,"column":24}},"44":{"start":{"line":104,"column":12},"end":{"line":104,"column":35}},"45":{"start":{"line":110,"column":8},"end":{"line":113,"column":11}},"46":{"start":{"line":117,"column":8},"end":{"line":151,"column":9}},"47":{"start":{"line":118,"column":25},"end":{"line":118,"column":79}},"48":{"start":{"line":120,"column":59},"end":{"line":120,"column":63}},"49":{"start":{"line":121,"column":12},"end":{"line":123,"column":13}},"50":{"start":{"line":122,"column":16},"end":{"line":122,"column":74}},"51":{"start":{"line":124,"column":36},"end":{"line":127,"column":13}},"52":{"start":{"line":128,"column":12},"end":{"line":130,"column":13}},"53":{"start":{"line":129,"column":16},"end":{"line":129,"column":59}},"54":{"start":{"line":132,"column":31},"end":{"line":132,"column":33}},"55":{"start":{"line":133,"column":12},"end":{"line":135,"column":13}},"56":{"start":{"line":134,"column":16},"end":{"line":134,"column":47}},"57":{"start":{"line":136,"column":12},"end":{"line":138,"column":13}},"58":{"start":{"line":137,"column":16},"end":{"line":137,"column":73}},"59":{"start":{"line":140,"column":32},"end":{"line":143,"column":13}},"60":{"start":{"line":145,"column":12},"end":{"line":148,"column":14}},"61":{"start":{"line":150,"column":12},"end":{"line":150,"column":35}},"62":{"start":{"line":155,"column":22},"end":{"line":162,"column":9}},"63":{"start":{"line":163,"column":8},"end":{"line":163,"column":21}},"64":{"start":{"line":167,"column":0},"end":{"line":167,"column":29}}},"fnMap":{"0":{"name":"(anonymous_0)","decl":{"start":{"line":9,"column":4},"end":{"line":9,"column":5}},"loc":{"start":{"line":9,"column":27},"end":{"line":12,"column":5}},"line":9},"1":{"name":"(anonymous_1)","decl":{"start":{"line":14,"column":4},"end":{"line":14,"column":5}},"loc":{"start":{"line":14,"column":23},"end":{"line":16,"column":5}},"line":14},"2":{"name":"(anonymous_2)","decl":{"start":{"line":18,"column":4},"end":{"line":18,"column":5}},"loc":{"start":{"line":18,"column":29},"end":{"line":25,"column":5}},"line":18},"3":{"name":"(anonymous_3)","decl":{"start":{"line":27,"column":4},"end":{"line":27,"column":5}},"loc":{"start":{"line":27,"column":25},"end":{"line":33,"column":5}},"line":27},"4":{"name":"(anonymous_4)","decl":{"start":{"line":35,"column":4},"end":{"line":35,"column":5}},"loc":{"start":{"line":35,"column":18},"end":{"line":46,"column":5}},"line":35},"5":{"name":"(anonymous_5)","decl":{"start":{"line":48,"column":4},"end":{"line":48,"column":5}},"loc":{"start":{"line":48,"column":25},"end":{"line":77,"column":5}},"line":48},"6":{"name":"(anonymous_6)","decl":{"start":{"line":79,"column":4},"end":{"line":79,"column":5}},"loc":{"start":{"line":79,"column":22},"end":{"line":106,"column":5}},"line":79},"7":{"name":"(anonymous_7)","decl":{"start":{"line":108,"column":4},"end":{"line":108,"column":5}},"loc":{"start":{"line":108,"column":19},"end":{"line":114,"column":5}},"line":108},"8":{"name":"(anonymous_8)","decl":{"start":{"line":116,"column":4},"end":{"line":116,"column":5}},"loc":{"start":{"line":116,"column":27},"end":{"line":152,"column":5}},"line":116},"9":{"name":"(anonymous_9)","decl":{"start":{"line":154,"column":4},"end":{"line":154,"column":5}},"loc":{"start":{"line":154,"column":24},"end":{"line":164,"column":5}},"line":154}},"branchMap":{"0":{"loc":{"start":{"line":38,"column":12},"end":{"line":40,"column":13}},"type":"if","locations":[{"start":{"line":38,"column":12},"end":{"line":40,"column":13}},{"start":{"line":38,"column":12},"end":{"line":40,"column":13}}],"line":38},"1":{"loc":{"start":{"line":55,"column":12},"end":{"line":57,"column":13}},"type":"if","locations":[{"start":{"line":55,"column":12},"end":{"line":57,"column":13}},{"start":{"line":55,"column":12},"end":{"line":57,"column":13}}],"line":55},"2":{"loc":{"start":{"line":84,"column":12},"end":{"line":86,"column":13}},"type":"if","locations":[{"start":{"line":84,"column":12},"end":{"line":86,"column":13}},{"start":{"line":84,"column":12},"end":{"line":86,"column":13}}],"line":84},"3":{"loc":{"start":{"line":92,"column":12},"end":{"line":94,"column":13}},"type":"if","locations":[{"start":{"line":92,"column":12},"end":{"line":94,"column":13}},{"start":{"line":92,"column":12},"end":{"line":94,"column":13}}],"line":92},"4":{"loc":{"start":{"line":121,"column":12},"end":{"line":123,"column":13}},"type":"if","locations":[{"start":{"line":121,"column":12},"end":{"line":123,"column":13}},{"start":{"line":121,"column":12},"end":{"line":123,"column":13}}],"line":121},"5":{"loc":{"start":{"line":128,"column":12},"end":{"line":130,"column":13}},"type":"if","locations":[{"start":{"line":128,"column":12},"end":{"line":130,"column":13}},{"start":{"line":128,"column":12},"end":{"line":130,"column":13}}],"line":128},"6":{"loc":{"start":{"line":133,"column":12},"end":{"line":135,"column":13}},"type":"if","locations":[{"start":{"line":133,"column":12},"end":{"line":135,"column":13}},{"start":{"line":133,"column":12},"end":{"line":135,"column":13}}],"line":133},"7":{"loc":{"start":{"line":136,"column":12},"end":{"line":138,"column":13}},"type":"if","locations":[{"start":{"line":136,"column":12},"end":{"line":138,"column":13}},{"start":{"line":136,"column":12},"end":{"line":138,"column":13}}],"line":136}},"s":{"0":1,"1":1,"2":1,"3":1,"4":1,"5":17,"6":17,"7":17,"8":1,"9":1,"10":1,"11":0,"12":1,"13":1,"14":0,"15":2,"16":2,"17":2,"18":1,"19":1,"20":1,"21":0,"22":6,"23":6,"24":6,"25":6,"26":1,"27":5,"28":5,"29":5,"30":5,"31":5,"32":1,"33":3,"34":3,"35":3,"36":3,"37":2,"38":1,"39":1,"40":0,"41":1,"42":1,"43":1,"44":2,"45":1,"46":3,"47":3,"48":3,"49":3,"50":1,"51":2,"52":2,"53":1,"54":1,"55":1,"56":1,"57":1,"58":1,"59":1,"60":1,"61":2,"62":2,"63":2,"64":1},"f":{"0":17,"1":17,"2":1,"3":1,"4":2,"5":6,"6":3,"7":1,"8":3,"9":2},"b":{"0":[1,1],"1":[1,5],"2":[2,1],"3":[0,1],"4":[1,2],"5":[1,1],"6":[1,0],"7":[1,0]},"_coverageSchema":"1a1c01bbd47fc00a2c39e90264f33305004495a9","hash":"8288aeb9efddec771946a561ee56b7e4942b5b0a"}
,"H:\\Bookworm\\src\\util\\authCheck.js": {"path":"H:\\Bookworm\\src\\util\\authCheck.js","statementMap":{"0":{"start":{"line":1,"column":32},"end":{"line":1,"column":56}},"1":{"start":{"line":3,"column":18},"end":{"line":13,"column":1}},"2":{"start":{"line":4,"column":24},"end":{"line":4,"column":39}},"3":{"start":{"line":5,"column":4},"end":{"line":7,"column":5}},"4":{"start":{"line":6,"column":8},"end":{"line":6,"column":60}},"5":{"start":{"line":8,"column":17},"end":{"line":8,"column":56}},"6":{"start":{"line":9,"column":4},"end":{"line":11,"column":5}},"7":{"start":{"line":10,"column":8},"end":{"line":10,"column":66}},"8":{"start":{"line":12,"column":4},"end":{"line":12,"column":16}},"9":{"start":{"line":15,"column":0},"end":{"line":17,"column":2}}},"fnMap":{"0":{"name":"(anonymous_0)","decl":{"start":{"line":3,"column":18},"end":{"line":3,"column":19}},"loc":{"start":{"line":3,"column":43},"end":{"line":13,"column":1}},"line":3}},"branchMap":{"0":{"loc":{"start":{"line":5,"column":4},"end":{"line":7,"column":5}},"type":"if","locations":[{"start":{"line":5,"column":4},"end":{"line":7,"column":5}},{"start":{"line":5,"column":4},"end":{"line":7,"column":5}}],"line":5},"1":{"loc":{"start":{"line":9,"column":4},"end":{"line":11,"column":5}},"type":"if","locations":[{"start":{"line":9,"column":4},"end":{"line":11,"column":5}},{"start":{"line":9,"column":4},"end":{"line":11,"column":5}}],"line":9}},"s":{"0":4,"1":4,"2":34,"3":34,"4":6,"5":28,"6":28,"7":6,"8":22,"9":4},"f":{"0":34},"b":{"0":[6,28],"1":[6,22]},"_coverageSchema":"1a1c01bbd47fc00a2c39e90264f33305004495a9","hash":"305f0c8eb55192f2009d103d8a90bd7532e992ba"}
}
