TN:
SF:src\services\BookService.js
FN:8,(anonymous_0)
FN:13,(anonymous_1)
FN:17,(anonymous_2)
FN:35,(anonymous_3)
FN:44,(anonymous_4)
FN:56,(anonymous_5)
FN:77,(anonymous_6)
FN:91,(anonymous_7)
FN:112,(anonymous_8)
FN:140,(anonymous_9)
FN:158,(anonymous_10)
FN:167,(anonymous_11)
FNF:12
FNH:12
FNDA:22,(anonymous_0)
FNDA:22,(anonymous_1)
FNDA:2,(anonymous_2)
FNDA:1,(anonymous_3)
FNDA:1,(anonymous_4)
FNDA:1,(anonymous_5)
FNDA:1,(anonymous_6)
FNDA:4,(anonymous_7)
FNDA:6,(anonymous_8)
FNDA:5,(anonymous_9)
FNDA:1,(anonymous_10)
FNDA:3,(anonymous_11)
DA:1,1
DA:2,1
DA:4,1
DA:5,1
DA:9,22
DA:10,22
DA:14,22
DA:18,2
DA:19,2
DA:22,2
DA:23,2
DA:29,2
DA:31,0
DA:36,1
DA:37,1
DA:38,1
DA:40,0
DA:45,1
DA:46,1
DA:49,1
DA:50,1
DA:52,0
DA:57,1
DA:58,1
DA:59,1
DA:60,1
DA:61,1
DA:62,1
DA:63,0
DA:66,1
DA:73,0
DA:78,1
DA:79,1
DA:80,1
DA:87,0
DA:92,4
DA:93,4
DA:95,2
DA:96,2
DA:101,2
DA:105,2
DA:106,2
DA:108,2
DA:113,6
DA:114,6
DA:115,6
DA:117,6
DA:119,4
DA:120,3
DA:121,3
DA:125,3
DA:126,3
DA:127,1
DA:129,2
DA:131,1
DA:136,4
DA:141,5
DA:142,5
DA:144,5
DA:146,3
DA:147,2
DA:149,1
DA:154,3
DA:159,1
DA:164,1
DA:168,3
DA:170,3
DA:171,3
DA:172,3
DA:173,3
DA:176,3
DA:177,3
DA:178,3
DA:180,3
DA:184,1
LF:75
LH:69
BRDA:62,0,0,0
BRDA:62,0,1,1
BRDA:95,1,0,2
BRDA:95,1,1,0
BRDA:95,2,0,2
BRDA:95,2,1,2
BRDA:119,3,0,3
BRDA:119,3,1,1
BRDA:120,4,0,3
BRDA:120,4,1,0
BRDA:120,5,0,3
BRDA:120,5,1,3
BRDA:126,6,0,1
BRDA:126,6,1,2
BRDA:146,7,0,2
BRDA:146,7,1,1
BRDA:171,8,0,3
BRDA:171,8,1,0
BRDA:177,9,0,3
BRDA:177,9,1,0
BRF:20
BRH:15
end_of_record
TN:
SF:src\services\OrderService.js
FN:8,(anonymous_0)
FN:13,(anonymous_1)
FN:17,(anonymous_2)
FN:31,(anonymous_3)
FN:49,(anonymous_4)
FN:63,(anonymous_5)
FN:82,(anonymous_6)
FN:108,(anonymous_7)
FN:117,(anonymous_8)
FN:120,(anonymous_9)
FNF:10
FNH:10
FNDA:15,(anonymous_0)
FNDA:15,(anonymous_1)
FNDA:6,(anonymous_2)
FNDA:2,(anonymous_3)
FNDA:6,(anonymous_4)
FNDA:2,(anonymous_5)
FNDA:2,(anonymous_6)
FNDA:1,(anonymous_7)
FNDA:1,(anonymous_8)
FNDA:2,(anonymous_9)
DA:1,1
DA:2,1
DA:3,1
DA:5,1
DA:9,15
DA:10,15
DA:14,15
DA:18,6
DA:19,6
DA:21,4
DA:22,4
DA:25,4
DA:26,1
DA:29,3
DA:30,3
DA:31,2
DA:33,3
DA:34,1
DA:35,1
DA:37,2
DA:38,2
DA:41,3
DA:43,3
DA:45,3
DA:50,6
DA:51,6
DA:53,4
DA:54,4
DA:57,4
DA:58,1
DA:62,3
DA:63,2
DA:65,3
DA:66,1
DA:68,2
DA:69,2
DA:70,2
DA:71,0
DA:73,2
DA:76,2
DA:78,4
DA:83,2
DA:84,2
DA:86,2
DA:87,2
DA:89,2
DA:94,2
DA:95,1
DA:98,1
DA:99,1
DA:100,1
DA:101,1
DA:102,1
DA:104,1
DA:109,1
DA:114,1
DA:118,1
DA:119,1
DA:120,1
DA:121,2
DA:122,2
DA:123,2
DA:126,2
DA:131,2
DA:133,1
DA:135,0
DA:140,1
LF:67
LH:65
BRDA:25,0,0,1
BRDA:25,0,1,3
BRDA:33,1,0,1
BRDA:33,1,1,2
BRDA:57,2,0,1
BRDA:57,2,1,3
BRDA:65,3,0,1
BRDA:65,3,1,2
BRDA:70,4,0,0
BRDA:70,4,1,2
BRDA:94,5,0,1
BRDA:94,5,1,1
BRDA:123,6,0,2
BRDA:123,6,1,0
BRF:14
BRH:12
end_of_record
TN:
SF:src\services\UserService.js
FN:9,(anonymous_0)
FN:14,(anonymous_1)
FN:18,(anonymous_2)
FN:27,(anonymous_3)
FN:35,(anonymous_4)
FN:48,(anonymous_5)
FN:79,(anonymous_6)
FN:108,(anonymous_7)
FN:116,(anonymous_8)
FN:154,(anonymous_9)
FNF:10
FNH:10
FNDA:17,(anonymous_0)
FNDA:17,(anonymous_1)
FNDA:1,(anonymous_2)
FNDA:1,(anonymous_3)
FNDA:2,(anonymous_4)
FNDA:6,(anonymous_5)
FNDA:3,(anonymous_6)
FNDA:1,(anonymous_7)
FNDA:3,(anonymous_8)
FNDA:2,(anonymous_9)
DA:1,1
DA:2,1
DA:3,1
DA:4,1
DA:6,1
DA:10,17
DA:11,17
DA:15,17
DA:19,1
DA:20,1
DA:21,1
DA:23,0
DA:28,1
DA:29,1
DA:31,0
DA:36,2
DA:37,2
DA:38,2
DA:39,1
DA:41,1
DA:42,1
DA:44,0
DA:49,6
DA:50,6
DA:52,6
DA:55,6
DA:56,1
DA:59,5
DA:61,5
DA:67,5
DA:68,5
DA:73,5
DA:75,1
DA:80,3
DA:81,3
DA:83,3
DA:84,3
DA:85,2
DA:88,1
DA:92,1
DA:93,0
DA:96,1
DA:97,1
DA:102,1
DA:104,2
DA:110,1
DA:117,3
DA:118,3
DA:120,3
DA:121,3
DA:122,1
DA:124,2
DA:128,2
DA:129,1
DA:132,1
DA:133,1
DA:134,1
DA:136,1
DA:137,1
DA:140,1
DA:145,1
DA:150,2
DA:155,2
DA:163,2
DA:167,1
LF:65
LH:61
BRDA:38,0,0,1
BRDA:38,0,1,1
BRDA:55,1,0,1
BRDA:55,1,1,5
BRDA:84,2,0,2
BRDA:84,2,1,1
BRDA:92,3,0,0
BRDA:92,3,1,1
BRDA:121,4,0,1
BRDA:121,4,1,2
BRDA:128,5,0,1
BRDA:128,5,1,1
BRDA:133,6,0,1
BRDA:133,6,1,0
BRDA:136,7,0,1
BRDA:136,7,1,0
BRF:16
BRH:13
end_of_record
TN:
SF:src\util\authCheck.js
FN:3,(anonymous_0)
FNF:1
FNH:1
FNDA:34,(anonymous_0)
DA:1,4
DA:3,4
DA:4,34
DA:5,34
DA:6,6
DA:8,28
DA:9,28
DA:10,6
DA:12,22
DA:15,4
LF:10
LH:10
BRDA:5,0,0,6
BRDA:5,0,1,28
BRDA:9,1,0,6
BRDA:9,1,1,22
BRF:4
BRH:4
end_of_record
